
*** Running vivado
    with args -log Execute.vds -m64 -product Vivado -mode batch -messageDb vivado.pb -notrace -source Execute.tcl



****** Vivado v2022.2 (64-bit)
  **** SW Build 3671981 on Fri Oct 14 05:00:03 MDT 2022
  **** IP Build 3669848 on Fri Oct 14 08:30:02 MDT 2022
    ** Copyright 1986-2022 Xilinx, Inc. All Rights Reserved.

source Execute.tcl -notrace
create_project: Time (s): cpu = 00:00:05 ; elapsed = 00:00:08 . Memory (MB): peak = 430.133 ; gain = 93.273
Command: read_checkpoint -auto_incremental -incremental {C:/Users/Frank Andes/Documents/VScode_VHDL/DSD2-MipsProcessor/ProjectFile/ProjectFile.srcs/utils_1/imports/synth_1/alu.dcp}
INFO: [Vivado 12-5825] Read reference checkpoint from C:/Users/Frank Andes/Documents/VScode_VHDL/DSD2-MipsProcessor/ProjectFile/ProjectFile.srcs/utils_1/imports/synth_1/alu.dcp for incremental synthesis
INFO: [Vivado 12-7989] Please ensure there are no constraint changes
Command: synth_design -top Execute -part xc7a35tcpg236-1 -mode out_of_context
Starting synth_design
Attempting to get a license for feature 'Synthesis' and/or device 'xc7a35t'
INFO: [Common 17-349] Got license for feature 'Synthesis' and/or device 'xc7a35t'
INFO: [Designutils 20-5440] No compile time benefit to using incremental synthesis; A full resynthesis will be run
INFO: [Designutils 20-4379] Flow is switching to default flow due to incremental criteria not met. If you would like to alter this behaviour and have the flow terminate instead, please set the following parameter config_implementation {autoIncr.Synth.RejectBehavior Terminate}
INFO: [Synth 8-7079] Multithreading enabled for synth_design using a maximum of 2 processes.
INFO: [Synth 8-7078] Launching helper process for spawning children vivado processes
INFO: [Synth 8-7075] Helper process launched with PID 19896
INFO: [Synth 8-11241] undeclared symbol 'REGCCE', assumed default net type 'wire' [C:/Xilinx/Vivado/2022.2/data/verilog/src/unimacro/BRAM_SINGLE_MACRO.v:2170]
---------------------------------------------------------------------------------
Starting Synthesize : Time (s): cpu = 00:00:04 ; elapsed = 00:00:07 . Memory (MB): peak = 870.086 ; gain = 408.551
---------------------------------------------------------------------------------
INFO: [Synth 8-638] synthesizing module 'Execute' [C:/Users/Frank Andes/Documents/VScode_VHDL/DSD2-MipsProcessor/ProjectFile/ProjectFile.srcs/sources_1/imports/DSD2-MipsProcessor/Execute.vhd:37]
INFO: [Synth 8-226] default block is never used [C:/Users/Frank Andes/Documents/VScode_VHDL/DSD2-MipsProcessor/ProjectFile/ProjectFile.srcs/sources_1/imports/DSD2-MipsProcessor/Execute.vhd:49]
INFO: [Synth 8-226] default block is never used [C:/Users/Frank Andes/Documents/VScode_VHDL/DSD2-MipsProcessor/ProjectFile/ProjectFile.srcs/sources_1/imports/DSD2-MipsProcessor/Execute.vhd:57]
INFO: [Synth 8-638] synthesizing module 'alu' [C:/Users/Frank Andes/Documents/VScode_VHDL/DSD2-MipsProcessor/ProjectFile/ProjectFile.srcs/sources_1/new/ALU.vhd:29]
INFO: [Synth 8-638] synthesizing module 'notN' [C:/Users/Frank Andes/Documents/VScode_VHDL/DSD2-MipsProcessor/ProjectFile/ProjectFile.srcs/sources_1/imports/DSD2-MipsProcessor/notN.vhd:24]
	Parameter N bound to: 32 - type: integer 
INFO: [Synth 8-256] done synthesizing module 'notN' (0#1) [C:/Users/Frank Andes/Documents/VScode_VHDL/DSD2-MipsProcessor/ProjectFile/ProjectFile.srcs/sources_1/imports/DSD2-MipsProcessor/notN.vhd:24]
INFO: [Synth 8-638] synthesizing module 'sllN' [C:/Users/Frank Andes/Documents/VScode_VHDL/DSD2-MipsProcessor/ProjectFile/ProjectFile.srcs/sources_1/imports/DSD2-MipsProcessor/sllN.vhd:27]
	Parameter N bound to: 32 - type: integer 
	Parameter M bound to: 5 - type: integer 
INFO: [Synth 8-256] done synthesizing module 'sllN' (0#1) [C:/Users/Frank Andes/Documents/VScode_VHDL/DSD2-MipsProcessor/ProjectFile/ProjectFile.srcs/sources_1/imports/DSD2-MipsProcessor/sllN.vhd:27]
INFO: [Synth 8-638] synthesizing module 'srlN' [C:/Users/Frank Andes/Documents/VScode_VHDL/DSD2-MipsProcessor/ProjectFile/ProjectFile.srcs/sources_1/imports/DSD2-MipsProcessor/srlN.vhd:27]
	Parameter N bound to: 32 - type: integer 
	Parameter M bound to: 5 - type: integer 
INFO: [Synth 8-256] done synthesizing module 'srlN' (0#1) [C:/Users/Frank Andes/Documents/VScode_VHDL/DSD2-MipsProcessor/ProjectFile/ProjectFile.srcs/sources_1/imports/DSD2-MipsProcessor/srlN.vhd:27]
INFO: [Synth 8-638] synthesizing module 'sraN' [C:/Users/Frank Andes/Documents/VScode_VHDL/DSD2-MipsProcessor/ProjectFile/ProjectFile.srcs/sources_1/imports/DSD2-MipsProcessor/sraN.vhd:34]
	Parameter N bound to: 32 - type: integer 
	Parameter M bound to: 5 - type: integer 
INFO: [Synth 8-256] done synthesizing module 'sraN' (0#1) [C:/Users/Frank Andes/Documents/VScode_VHDL/DSD2-MipsProcessor/ProjectFile/ProjectFile.srcs/sources_1/imports/DSD2-MipsProcessor/sraN.vhd:34]
INFO: [Synth 8-638] synthesizing module 'orN' [C:/Users/Frank Andes/Documents/VScode_VHDL/DSD2-MipsProcessor/ProjectFile/ProjectFile.srcs/sources_1/new/orN.vhd:25]
	Parameter N bound to: 32 - type: integer 
INFO: [Synth 8-256] done synthesizing module 'orN' (0#1) [C:/Users/Frank Andes/Documents/VScode_VHDL/DSD2-MipsProcessor/ProjectFile/ProjectFile.srcs/sources_1/new/orN.vhd:25]
INFO: [Synth 8-638] synthesizing module 'andN' [C:/Users/Frank Andes/Documents/VScode_VHDL/DSD2-MipsProcessor/ProjectFile/ProjectFile.srcs/sources_1/new/andN.vhd:25]
	Parameter N bound to: 32 - type: integer 
INFO: [Synth 8-256] done synthesizing module 'andN' (0#1) [C:/Users/Frank Andes/Documents/VScode_VHDL/DSD2-MipsProcessor/ProjectFile/ProjectFile.srcs/sources_1/new/andN.vhd:25]
INFO: [Synth 8-638] synthesizing module 'xorN' [C:/Users/Frank Andes/Documents/VScode_VHDL/DSD2-MipsProcessor/ProjectFile/ProjectFile.srcs/sources_1/new/xorN.vhd:25]
	Parameter N bound to: 32 - type: integer 
INFO: [Synth 8-256] done synthesizing module 'xorN' (0#1) [C:/Users/Frank Andes/Documents/VScode_VHDL/DSD2-MipsProcessor/ProjectFile/ProjectFile.srcs/sources_1/new/xorN.vhd:25]
INFO: [Synth 8-638] synthesizing module 'addsubN' [C:/Users/Frank Andes/Documents/VScode_VHDL/DSD2-MipsProcessor/ProjectFile/ProjectFile.srcs/sources_1/imports/DSD2-MipsProcessor/addsubN.vhd:27]
	Parameter N bound to: 32 - type: integer 
INFO: [Synth 8-638] synthesizing module 'fulladder' [C:/Users/Frank Andes/Documents/VScode_VHDL/DSD2-MipsProcessor/ProjectFile/ProjectFile.srcs/sources_1/imports/DSD2-MipsProcessor/fulladder.vhd:25]
INFO: [Synth 8-256] done synthesizing module 'fulladder' (0#1) [C:/Users/Frank Andes/Documents/VScode_VHDL/DSD2-MipsProcessor/ProjectFile/ProjectFile.srcs/sources_1/imports/DSD2-MipsProcessor/fulladder.vhd:25]
INFO: [Synth 8-256] done synthesizing module 'addsubN' (0#1) [C:/Users/Frank Andes/Documents/VScode_VHDL/DSD2-MipsProcessor/ProjectFile/ProjectFile.srcs/sources_1/imports/DSD2-MipsProcessor/addsubN.vhd:27]
INFO: [Synth 8-638] synthesizing module 'carrysavemult' [C:/Users/Frank Andes/Documents/VScode_VHDL/DSD2-MipsProcessor/ProjectFile/ProjectFile.srcs/sources_1/imports/DSD2-MipsProcessor/carrysavemult.vhd:27]
	Parameter N bound to: 32 - type: integer 
	Parameter M bound to: 16 - type: integer 
INFO: [Synth 8-256] done synthesizing module 'carrysavemult' (0#1) [C:/Users/Frank Andes/Documents/VScode_VHDL/DSD2-MipsProcessor/ProjectFile/ProjectFile.srcs/sources_1/imports/DSD2-MipsProcessor/carrysavemult.vhd:27]
INFO: [Synth 8-256] done synthesizing module 'alu' (0#1) [C:/Users/Frank Andes/Documents/VScode_VHDL/DSD2-MipsProcessor/ProjectFile/ProjectFile.srcs/sources_1/new/ALU.vhd:29]
INFO: [Synth 8-256] done synthesizing module 'Execute' (0#1) [C:/Users/Frank Andes/Documents/VScode_VHDL/DSD2-MipsProcessor/ProjectFile/ProjectFile.srcs/sources_1/imports/DSD2-MipsProcessor/Execute.vhd:37]
---------------------------------------------------------------------------------
Finished Synthesize : Time (s): cpu = 00:00:05 ; elapsed = 00:00:09 . Memory (MB): peak = 968.719 ; gain = 507.184
---------------------------------------------------------------------------------
---------------------------------------------------------------------------------
Finished Constraint Validation : Time (s): cpu = 00:00:06 ; elapsed = 00:00:10 . Memory (MB): peak = 968.719 ; gain = 507.184
---------------------------------------------------------------------------------
---------------------------------------------------------------------------------
Start Loading Part and Timing Information
---------------------------------------------------------------------------------
Loading part: xc7a35tcpg236-1
---------------------------------------------------------------------------------
Finished Loading Part and Timing Information : Time (s): cpu = 00:00:06 ; elapsed = 00:00:10 . Memory (MB): peak = 968.719 ; gain = 507.184
---------------------------------------------------------------------------------
INFO: [Device 21-403] Loading part xc7a35tcpg236-1
---------------------------------------------------------------------------------
Finished RTL Optimization Phase 2 : Time (s): cpu = 00:00:06 ; elapsed = 00:00:10 . Memory (MB): peak = 968.719 ; gain = 507.184
---------------------------------------------------------------------------------
No constraint files found.
---------------------------------------------------------------------------------
Start RTL Component Statistics 
---------------------------------------------------------------------------------
Detailed RTL Component Info : 
+---XORs : 
	   2 Input     32 Bit         XORs := 2     
	   3 Input      1 Bit         XORs := 272   
+---Muxes : 
	   2 Input   32 Bit        Muxes := 1     
	   2 Input    5 Bit        Muxes := 1     
---------------------------------------------------------------------------------
Finished RTL Component Statistics 
---------------------------------------------------------------------------------
---------------------------------------------------------------------------------
Start Part Resource Summary
---------------------------------------------------------------------------------
Part Resources:
DSPs: 90 (col length:60)
BRAMs: 100 (col length: RAMB18 60 RAMB36 30)
---------------------------------------------------------------------------------
Finished Part Resource Summary
---------------------------------------------------------------------------------
No constraint files found.
---------------------------------------------------------------------------------
Start Cross Boundary and Area Optimization
---------------------------------------------------------------------------------
WARNING: [Synth 8-7080] Parallel synthesis criteria is not met
---------------------------------------------------------------------------------
Finished Cross Boundary and Area Optimization : Time (s): cpu = 00:00:18 ; elapsed = 00:00:29 . Memory (MB): peak = 1228.891 ; gain = 767.355
---------------------------------------------------------------------------------
No constraint files found.
---------------------------------------------------------------------------------
Start Timing Optimization
---------------------------------------------------------------------------------
---------------------------------------------------------------------------------
Finished Timing Optimization : Time (s): cpu = 00:00:18 ; elapsed = 00:00:29 . Memory (MB): peak = 1237.773 ; gain = 776.238
---------------------------------------------------------------------------------
---------------------------------------------------------------------------------
Start Technology Mapping
---------------------------------------------------------------------------------
---------------------------------------------------------------------------------
Finished Technology Mapping : Time (s): cpu = 00:00:18 ; elapsed = 00:00:30 . Memory (MB): peak = 1237.941 ; gain = 776.406
---------------------------------------------------------------------------------
---------------------------------------------------------------------------------
Start IO Insertion
---------------------------------------------------------------------------------
---------------------------------------------------------------------------------
Start Flattening Before IO Insertion
---------------------------------------------------------------------------------
---------------------------------------------------------------------------------
Finished Flattening Before IO Insertion
---------------------------------------------------------------------------------
---------------------------------------------------------------------------------
Start Final Netlist Cleanup
---------------------------------------------------------------------------------
---------------------------------------------------------------------------------
Finished Final Netlist Cleanup
---------------------------------------------------------------------------------
---------------------------------------------------------------------------------
Finished IO Insertion : Time (s): cpu = 00:00:22 ; elapsed = 00:00:35 . Memory (MB): peak = 1237.941 ; gain = 776.406
---------------------------------------------------------------------------------
---------------------------------------------------------------------------------
Start Renaming Generated Instances
---------------------------------------------------------------------------------
---------------------------------------------------------------------------------
Finished Renaming Generated Instances : Time (s): cpu = 00:00:22 ; elapsed = 00:00:35 . Memory (MB): peak = 1237.941 ; gain = 776.406
---------------------------------------------------------------------------------
---------------------------------------------------------------------------------
Start Rebuilding User Hierarchy
---------------------------------------------------------------------------------
---------------------------------------------------------------------------------
Finished Rebuilding User Hierarchy : Time (s): cpu = 00:00:22 ; elapsed = 00:00:35 . Memory (MB): peak = 1237.941 ; gain = 776.406
---------------------------------------------------------------------------------
---------------------------------------------------------------------------------
Start Renaming Generated Ports
---------------------------------------------------------------------------------
---------------------------------------------------------------------------------
Finished Renaming Generated Ports : Time (s): cpu = 00:00:22 ; elapsed = 00:00:35 . Memory (MB): peak = 1237.941 ; gain = 776.406
---------------------------------------------------------------------------------
---------------------------------------------------------------------------------
Start Handling Custom Attributes
---------------------------------------------------------------------------------
---------------------------------------------------------------------------------
Finished Handling Custom Attributes : Time (s): cpu = 00:00:22 ; elapsed = 00:00:35 . Memory (MB): peak = 1237.941 ; gain = 776.406
---------------------------------------------------------------------------------
---------------------------------------------------------------------------------
Start Renaming Generated Nets
---------------------------------------------------------------------------------
---------------------------------------------------------------------------------
Finished Renaming Generated Nets : Time (s): cpu = 00:00:22 ; elapsed = 00:00:35 . Memory (MB): peak = 1237.941 ; gain = 776.406
---------------------------------------------------------------------------------
---------------------------------------------------------------------------------
Start Writing Synthesis Report
---------------------------------------------------------------------------------

Report BlackBoxes: 
+-+--------------+----------+
| |BlackBox name |Instances |
+-+--------------+----------+
+-+--------------+----------+

Report Cell Usage: 
+------+------+------+
|      |Cell  |Count |
+------+------+------+
|1     |LUT2  |    11|
|2     |LUT3  |    44|
|3     |LUT4  |   146|
|4     |LUT5  |   224|
|5     |LUT6  |   710|
|6     |MUXF7 |     6|
+------+------+------+

Report Instance Areas: 
+------+-------------+-------+------+
|      |Instance     |Module |Cells |
+------+-------------+-------+------+
|1     |top          |       |  1141|
|2     |  ALU_inst   |alu    |  1136|
|3     |    sll_comp |sllN   |    85|
|4     |    sra_comp |sraN   |    99|
|5     |    srl_comp |srlN   |    77|
+------+-------------+-------+------+
---------------------------------------------------------------------------------
Finished Writing Synthesis Report : Time (s): cpu = 00:00:22 ; elapsed = 00:00:35 . Memory (MB): peak = 1237.941 ; gain = 776.406
---------------------------------------------------------------------------------
Synthesis finished with 0 errors, 0 critical warnings and 1 warnings.
Synthesis Optimization Runtime : Time (s): cpu = 00:00:22 ; elapsed = 00:00:35 . Memory (MB): peak = 1237.941 ; gain = 776.406
Synthesis Optimization Complete : Time (s): cpu = 00:00:22 ; elapsed = 00:00:35 . Memory (MB): peak = 1237.941 ; gain = 776.406
INFO: [Project 1-571] Translating synthesized netlist
Netlist sorting complete. Time (s): cpu = 00:00:00 ; elapsed = 00:00:00.016 . Memory (MB): peak = 1249.828 ; gain = 0.000
INFO: [Netlist 29-17] Analyzing 6 Unisim elements for replacement
INFO: [Netlist 29-28] Unisim Transformation completed in 0 CPU seconds
INFO: [Project 1-570] Preparing netlist for logic optimization
INFO: [Opt 31-138] Pushed 0 inverter(s) to 0 load pin(s).
Netlist sorting complete. Time (s): cpu = 00:00:00 ; elapsed = 00:00:00 . Memory (MB): peak = 1265.789 ; gain = 0.000
INFO: [Project 1-111] Unisim Transformation Summary:
No Unisim elements were transformed.

Synth Design complete, checksum: e0ea5f5
INFO: [Common 17-83] Releasing license: Synthesis
43 Infos, 1 Warnings, 0 Critical Warnings and 0 Errors encountered.
synth_design completed successfully
synth_design: Time (s): cpu = 00:00:24 ; elapsed = 00:00:38 . Memory (MB): peak = 1265.789 ; gain = 811.789
INFO: [Timing 38-35] Done setting XDC timing constraints.
INFO: [Common 17-1381] The checkpoint 'C:/Users/Frank Andes/Documents/VScode_VHDL/DSD2-MipsProcessor/ProjectFile/ProjectFile.runs/synth_1/Execute.dcp' has been generated.
write_checkpoint: Time (s): cpu = 00:00:05 ; elapsed = 00:00:09 . Memory (MB): peak = 1588.531 ; gain = 322.742
INFO: [runtcl-4] Executing : report_utilization -file Execute_utilization_synth.rpt -pb Execute_utilization_synth.pb
INFO: [Common 17-206] Exiting Vivado at Thu Mar 23 17:32:12 2023...
