INFO: [VRFC 10-2263] Analyzing Verilog file "C:/Users/Frank Andes/Documents/VScode_VHDL/DSD2-MipsProcessor/ProjectFile/ProjectFile.sim/sim_1/synth/timing/xsim/mips_wrapper_tb_time_synth.v" into library xil_defaultlib
INFO: [VRFC 10-311] analyzing module RAM32M_UNIQ_BASE_
INFO: [VRFC 10-311] analyzing module RAM32M_HD1
INFO: [VRFC 10-311] analyzing module RAM32M_HD12
INFO: [VRFC 10-311] analyzing module RAM32M_HD2
INFO: [VRFC 10-311] analyzing module RAM32M_HD3
INFO: [VRFC 10-311] analyzing module RAM32M_HD5
INFO: [VRFC 10-311] analyzing module RAM32M_HD6
INFO: [VRFC 10-311] analyzing module RAM32M_HD7
INFO: [VRFC 10-311] analyzing module RAM32M_HD8
INFO: [VRFC 10-311] analyzing module RAM32M_HD9
INFO: [VRFC 10-311] analyzing module RAM32X1D_UNIQ_BASE_
INFO: [VRFC 10-311] analyzing module RAM32X1D_HD10
INFO: [VRFC 10-311] analyzing module RAM32X1D_HD11
INFO: [VRFC 10-311] analyzing module RAM32X1D_HD4
INFO: [VRFC 10-311] analyzing module Execute
INFO: [VRFC 10-311] analyzing module InstructionDecode
INFO: [VRFC 10-311] analyzing module InstructionFetch
INFO: [VRFC 10-311] analyzing module RegisterFile
INFO: [VRFC 10-311] analyzing module alu
INFO: [VRFC 10-311] analyzing module mips_wrapper
INFO: [VRFC 10-311] analyzing module orN
INFO: [VRFC 10-311] analyzing module sllN
INFO: [VRFC 10-311] analyzing module sraN
INFO: [VRFC 10-311] analyzing module srlN
INFO: [VRFC 10-311] analyzing module glbl
INFO: [VRFC 10-163] Analyzing VHDL file "C:/Users/Frank Andes/Documents/VScode_VHDL/DSD2-MipsProcessor/ProjectFile/ProjectFile.srcs/sources_1/imports/DSD2-MipsProcessor/WrapperTB.vhd" into library xil_defaultlib
INFO: [VRFC 10-3107] analyzing entity 'mips_wrapper_tb'
