Vivado Simulator v2022.2
Copyright 1986-1999, 2001-2022 Xilinx, Inc. All Rights Reserved.
Running: C:/Xilinx/Vivado/2022.2/bin/unwrapped/win64.o/xelab.exe --incr --debug typical --relax --mt 2 --maxdelay -L xil_defaultlib -L simprims_ver -L secureip --snapshot mips_wrapper_tb_time_synth -transport_int_delays -pulse_r 0 -pulse_int_r 0 -pulse_e 0 -pulse_int_e 0 xil_defaultlib.mips_wrapper_tb xil_defaultlib.glbl -log elaborate.log 
Using 2 slave threads.
Starting static elaboration
Pass Through NonSizing Optimizer
Completed static elaboration
Starting simulation data flow analysis
Completed simulation data flow analysis
INFO: [XSIM 43-3451] SDF backannotation process started with SDF file "mips_wrapper_tb_time_synth.sdf", for root module "mips_wrapper_tb/uut".
INFO: [XSIM 43-3452] SDF backannotation was successful for SDF file "mips_wrapper_tb_time_synth.sdf", for root module "mips_wrapper_tb/uut".
Time Resolution for simulation is 1ps
Compiling package std.standard
Compiling package std.textio
Compiling package ieee.std_logic_1164
Compiling package ieee.numeric_std
Compiling package vl.vl_types
Compiling module xil_defaultlib.glbl
Compiling module simprims_ver.FDRE_default
Compiling module simprims_ver.x_lut2_mux4
Compiling module simprims_ver.LUT2
Compiling module simprims_ver.LUT6
Compiling module simprims_ver.x_lut3_mux8
Compiling module simprims_ver.LUT3
Compiling module simprims_ver.LUT5
Compiling module simprims_ver.MUXF7
Compiling module simprims_ver.LUT4
Compiling module xil_defaultlib.orN
Compiling module xil_defaultlib.sllN
Compiling module xil_defaultlib.sraN
Compiling module xil_defaultlib.srlN
Compiling module xil_defaultlib.alu
Compiling module xil_defaultlib.Execute
Compiling module simprims_ver.RAMD32
Compiling module simprims_ver.RAMS32
Compiling module xil_defaultlib.RAM32M_UNIQ_BASE_
Compiling module xil_defaultlib.RAM32M_HD1
Compiling module xil_defaultlib.RAM32M_HD2
Compiling module xil_defaultlib.RAM32M_HD3
Compiling module xil_defaultlib.RAM32X1D_UNIQ_BASE_
Compiling module xil_defaultlib.RAM32X1D_HD4
Compiling module xil_defaultlib.RAM32M_HD5
Compiling module xil_defaultlib.RAM32M_HD6
Compiling module xil_defaultlib.RAM32M_HD7
Compiling module xil_defaultlib.RAM32M_HD8
Compiling module xil_defaultlib.RAM32M_HD9
Compiling module xil_defaultlib.RAM32X1D_HD10
Compiling module xil_defaultlib.RAM32X1D_HD11
Compiling module xil_defaultlib.RAM32M_HD12
Compiling module xil_defaultlib.RegisterFile
Compiling module xil_defaultlib.InstructionDecode
Compiling module simprims_ver.x_lut1_mux2
Compiling module simprims_ver.LUT1
Compiling module simprims_ver.FDCE_default
Compiling module simprims_ver.CARRY4
Compiling module xil_defaultlib.InstructionFetch
Compiling module xil_defaultlib.mips_wrapper
Compiling architecture bench of entity xil_defaultlib.mips_wrapper_tb
Built simulation snapshot mips_wrapper_tb_time_synth
