Vivado Simulator v2022.2
Copyright 1986-1999, 2001-2022 Xilinx, Inc. All Rights Reserved.
Running: C:/Xilinx/Vivado/2022.2/bin/unwrapped/win64.o/xelab.exe --incr --debug typical --relax --mt 2 -L xil_defaultlib -L secureip --snapshot mips_wrapper_tb_behav xil_defaultlib.mips_wrapper_tb -log elaborate.log 
Using 2 slave threads.
Starting static elaboration
WARNING: [VRFC 10-4940] 'bcdsevensegconverter' remains a black box since it has no binding entity [C:/Users/Frank Andes/Documents/VScode_VHDL/DSD2-MipsProcessor/ProjectFile/ProjectFile.srcs/sources_1/imports/new/seven_seg_controller.vhd:43]
Completed static elaboration
Starting simulation data flow analysis
Completed simulation data flow analysis
Time Resolution for simulation is 1ps
Compiling package std.standard
Compiling package std.textio
Compiling package ieee.std_logic_1164
Compiling package ieee.numeric_std
Compiling package ieee.std_logic_arith
Compiling package ieee.std_logic_unsigned
Compiling package xil_defaultlib.globals
Compiling architecture behavioral of entity xil_defaultlib.InstructionMem [instructionmem_default]
Compiling architecture behavioral of entity xil_defaultlib.InstructionFetch [instructionfetch_default]
Compiling architecture behavioral of entity xil_defaultlib.ControlUnit [controlunit_default]
Compiling architecture behavioral of entity xil_defaultlib.RegisterFile [registerfile_default]
Compiling architecture behavioral of entity xil_defaultlib.InstructionDecode [instructiondecode_default]
Compiling architecture dataflow of entity xil_defaultlib.notN [notn_default]
Compiling architecture behavioral of entity xil_defaultlib.sllN [slln_default]
Compiling architecture behavioral of entity xil_defaultlib.srlN [srln_default]
Compiling architecture behavioral of entity xil_defaultlib.sraN [sran_default]
Compiling architecture dataflow of entity xil_defaultlib.orN [orn_default]
Compiling architecture dataflow of entity xil_defaultlib.andN [andn_default]
Compiling architecture dataflow of entity xil_defaultlib.xorN [xorn_default]
Compiling architecture behavioral of entity xil_defaultlib.fulladder [fulladder_default]
Compiling architecture structural of entity xil_defaultlib.addsubN [addsubn_default]
Compiling architecture struct of entity xil_defaultlib.carrysavemult [carrysavemult_default]
Compiling architecture structural of entity xil_defaultlib.alu [alu_default]
Compiling architecture behavioral of entity xil_defaultlib.Execute [execute_default]
Compiling architecture behavioral of entity xil_defaultlib.data_memory [data_memory_default]
Compiling architecture behavioral of entity xil_defaultlib.SevenSegController [sevensegcontroller_default]
Compiling architecture behavioral of entity xil_defaultlib.MemoryStage [memorystage_default]
Compiling architecture behavioral of entity xil_defaultlib.WriteBack [writeback_default]
Compiling architecture struct of entity xil_defaultlib.mips_wrapper [mips_wrapper_default]
Compiling architecture bench of entity xil_defaultlib.mips_wrapper_tb
Built simulation snapshot mips_wrapper_tb_behav
