Copyright 1986-2022 Xilinx, Inc. All Rights Reserved.
-----------------------------------------------------------------------------------------
| Tool Version : Vivado v.2022.2 (win64) Build 3671981 Fri Oct 14 05:00:03 MDT 2022
| Date         : Tue Apr 18 14:54:06 2023
| Host         : DESKTOP-5CIH7MF running 64-bit major release  (build 9200)
| Command      : report_control_sets -verbose -file mips_wrapper_control_sets_placed.rpt
| Design       : mips_wrapper
| Device       : xc7a35t
-----------------------------------------------------------------------------------------

Control Set Information

Table of Contents
-----------------
1. Summary
2. Histogram
3. Flip-Flop Distribution
4. Detailed Control Set Information

1. Summary
----------

+----------------------------------------------------------+-------+
|                          Status                          | Count |
+----------------------------------------------------------+-------+
| Total control sets                                       |     4 |
|    Minimum number of control sets                        |     4 |
|    Addition due to synthesis replication                 |     0 |
|    Addition due to physical synthesis replication        |     0 |
| Unused register locations in slices containing registers |    12 |
+----------------------------------------------------------+-------+
* Control sets can be merged at opt_design using control_set_merge or merge_equivalent_drivers
** Run report_qor_suggestions for automated merging and remapping suggestions


2. Histogram
------------

+--------------------+-------+
|       Fanout       | Count |
+--------------------+-------+
| Total control sets |     4 |
| >= 0 to < 4        |     0 |
| >= 4 to < 6        |     0 |
| >= 6 to < 8        |     0 |
| >= 8 to < 10       |     0 |
| >= 10 to < 12      |     0 |
| >= 12 to < 14      |     1 |
| >= 14 to < 16      |     0 |
| >= 16              |     3 |
+--------------------+-------+
* Control sets can be remapped at either synth_design or opt_design


3. Flip-Flop Distribution
-------------------------

+--------------+-----------------------+------------------------+-----------------+--------------+
| Clock Enable | Synchronous Set/Reset | Asynchronous Set/Reset | Total Registers | Total Slices |
+--------------+-----------------------+------------------------+-----------------+--------------+
| No           | No                    | No                     |              70 |           35 |
| No           | No                    | Yes                    |              34 |           10 |
| No           | Yes                   | No                     |              12 |            4 |
| Yes          | No                    | No                     |               0 |            0 |
| Yes          | No                    | Yes                    |               0 |            0 |
| Yes          | Yes                   | No                     |               0 |            0 |
+--------------+-----------------------+------------------------+-----------------+--------------+


4. Detailed Control Set Information
-----------------------------------

+--------------+------------------------------------+-------------------------+------------------+----------------+--------------+
| Clock Signal |            Enable Signal           |     Set/Reset Signal    | Slice Load Count | Bel Load Count | Bels / Slice |
+--------------+------------------------------------+-------------------------+------------------+----------------+--------------+
|  clk         |                                    | inst_fetch/pc_reg[11]_0 |                4 |             12 |         3.00 |
|  clk         |                                    | reset                   |               10 |             34 |         3.40 |
|  clk         |                                    |                         |               35 |             70 |         2.00 |
| ~clk         | inst_decode/RegisterFile/p_0_in__0 |                         |               11 |             88 |         8.00 |
+--------------+------------------------------------+-------------------------+------------------+----------------+--------------+


